[2026-04-21 09:53:52] production.ERROR: file_get_contents(C:\Users\TEGAR\Documents\KELOMPOKB_TUBES-PROGRESS\gwm_project\.env): Failed to open stream: No such file or directory {"exception":"[object] (ErrorException(code: 0): file_get_contents(C:\\Users\\TEGAR\\Documents\\KELOMPOKB_TUBES-PROGRESS\\gwm_project\\.env): Failed to open stream: No such file or directory at C:/Users/TEGAR/Documents/KELOMPOKB_TUBES-PROGRESS/gwm_project/vendor/laravel/framework/src/Illuminate/Foundation/Console/KeyGenerateCommand.php:100)
[stacktrace]
#0 C:/Users/TEGAR/Documents/KELOMPOKB_TUBES-PROGRESS/gwm_project/vendor/laravel/framework/src/Illuminate/Foundation/Bootstrap/HandleExceptions.php(258): Illuminate/Foundation/Bootstrap/HandleExceptions->handleError(2, 'file_get_conten...', 'C://Users//TEGAR//...', 100)
#1 [internal function]: Illuminate/Foundation/Bootstrap/HandleExceptions->Illuminate/Foundation/Bootstrap/{closure}(2, 'file_get_conten...', 'C://Users//TEGAR//...', 100)
#2 C:/Users/TEGAR/Documents/KELOMPOKB_TUBES-PROGRESS/gwm_project/vendor/laravel/framework/src/Illuminate/Foundation/Console/KeyGenerateCommand.php(100): file_get_contents('C://Users//TEGAR//...')
#3 C:/Users/TEGAR/Documents/KELOMPOKB_TUBES-PROGRESS/gwm_project/vendor/laravel/framework/src/Illuminate/Foundation/Console/KeyGenerateCommand.php(82): Illuminate/Foundation/Console/KeyGenerateCommand->writeNewEnvironmentFileWith('base64:DI/qZh5/...')
#4 C:/Users/TEGAR/Documents/KELOMPOKB_TUBES-PROGRESS/gwm_project/vendor/laravel/framework/src/Illuminate/Foundation/Console/KeyGenerateCommand.php(47): Illuminate/Foundation/Console/KeyGenerateCommand->setKeyInEnvironmentFile('base64:DI/qZh5/...')
#5 C:/Users/TEGAR/Documents/KELOMPOKB_TUBES-PROGRESS/gwm_project/vendor/laravel/framework/src/Illuminate/Container/BoundMethod.php(36): Illuminate/Foundation/Console/KeyGenerateCommand->handle()
#6 C:/Users/TEGAR/Documents/KELOMPOKB_TUBES-PROGRESS/gwm_project/vendor/laravel/framework/src/Illuminate/Container/Util.php(43): Illuminate/Container/BoundMethod::Illuminate/Container/{closure}()
#7 C:/Users/TEGAR/Documents/KELOMPOKB_TUBES-PROGRESS/gwm_project/vendor/laravel/framework/src/Illuminate/Container/BoundMethod.php(96): Illuminate/Container/Util::unwrapIfClosure(Object(Closure))
#8 C:/Users/TEGAR/Documents/KELOMPOKB_TUBES-PROGRESS/gwm_project/vendor/laravel/framework/src/Illuminate/Container/BoundMethod.php(35): Illuminate/Container/BoundMethod::callBoundMethod(Object(Illuminate/Foundation/Application), Array, Object(Closure))
#9 C:/Users/TEGAR/Documents/KELOMPOKB_TUBES-PROGRESS/gwm_project/vendor/laravel/framework/src/Illuminate/Container/Container.php(799): Illuminate/Container/BoundMethod::call(Object(Illuminate/Foundation/Application), Array, Array, NULL)
#10 C:/Users/TEGAR/Documents/KELOMPOKB_TUBES-PROGRESS/gwm_project/vendor/laravel/framework/src/Illuminate/Console/Command.php(211): Illuminate/Container/Container->call(Array)
#11 C:/Users/TEGAR/Documents/KELOMPOKB_TUBES-PROGRESS/gwm_project/vendor/symfony/console/Command/Command.php(341): Illuminate/Console/Command->execute(Object(Symfony/Component/Console/Input/ArgvInput), Object(Illuminate/Console/OutputStyle))
#12 C:/Users/TEGAR/Documents/KELOMPOKB_TUBES-PROGRESS/gwm_project/vendor/laravel/framework/src/Illuminate/Console/Command.php(180): Symfony/Component/Console/Command/Command->run(Object(Symfony/Component/Console/Input/ArgvInput), Object(Illuminate/Console/OutputStyle))
#13 C:/Users/TEGAR/Documents/KELOMPOKB_TUBES-PROGRESS/gwm_project/vendor/symfony/console/Application.php(1117): Illuminate/Console/Command->run(Object(Symfony/Component/Console/Input/ArgvInput), Object(Symfony/Component/Console/Output/ConsoleOutput))
#14 C:/Users/TEGAR/Documents/KELOMPOKB_TUBES-PROGRESS/gwm_project/vendor/symfony/console/Application.php(356): Symfony/Component/Console/Application->doRunCommand(Object(Illuminate/Foundation/Console/KeyGenerateCommand), Object(Symfony/Component/Console/Input/ArgvInput), Object(Symfony/Component/Console/Output/ConsoleOutput))
#15 C:/Users/TEGAR/Documents/KELOMPOKB_TUBES-PROGRESS/gwm_project/vendor/symfony/console/Application.php(195): Symfony/Component/Console/Application->doRun(Object(Symfony/Component/Console/Input/ArgvInput), Object(Symfony/Component/Console/Output/ConsoleOutput))
#16 C:/Users/TEGAR/Documents/KELOMPOKB_TUBES-PROGRESS/gwm_project/vendor/laravel/framework/src/Illuminate/Foundation/Console/Kernel.php(198): Symfony/Component/Console/Application->run(Object(Symfony/Component/Console/Input/ArgvInput), Object(Symfony/Component/Console/Output/ConsoleOutput))
#17 C:/Users/TEGAR/Documents/KELOMPOKB_TUBES-PROGRESS/gwm_project/vendor/laravel/framework/src/Illuminate/Foundation/Application.php(1235): Illuminate/Foundation/Console/Kernel->handle(Object(Symfony/Component/Console/Input/ArgvInput), Object(Symfony/Component/Console/Output/ConsoleOutput))
#18 C:/Users/TEGAR/Documents/KELOMPOKB_TUBES-PROGRESS/gwm_project/artisan(16): Illuminate/Foundation/Application->handleCommand(Object(Symfony/Component/Console/Input/ArgvInput))
#19 {main}
"} 
[2026-04-21 10:00:34] local.ERROR: No application encryption key has been specified. {"exception":"[object] (Illuminate\\Encryption\\MissingAppKeyException(code: 0): No application encryption key has been specified. at C:/Users/TEGAR/Documents/KELOMPOKB_TUBES-PROGRESS/gwm_project/vendor/laravel/framework/src/Illuminate/Encryption/EncryptionServiceProvider.php:83)
[stacktrace]
#0 C:/Users/TEGAR/Documents/KELOMPOKB_TUBES-PROGRESS/gwm_project/vendor/laravel/framework/src/Illuminate/Support/helpers.php(393): Illuminate/Encryption/EncryptionServiceProvider->Illuminate/Encryption/{closure}('')
#1 C:/Users/TEGAR/Documents/KELOMPOKB_TUBES-PROGRESS/gwm_project/vendor/laravel/framework/src/Illuminate/Encryption/EncryptionServiceProvider.php(81): tap('', Object(Closure))
#2 C:/Users/TEGAR/Documents/KELOMPOKB_TUBES-PROGRESS/gwm_project/vendor/laravel/framework/src/Illuminate/Encryption/EncryptionServiceProvider.php(64): Illuminate/Encryption/EncryptionServiceProvider->key(Array)
#3 C:/Users/TEGAR/Documents/KELOMPOKB_TUBES-PROGRESS/gwm_project/vendor/laravel/framework/src/Illuminate/Encryption/EncryptionServiceProvider.php(32): Illuminate/Encryption/EncryptionServiceProvider->parseKey(Array)
#4 C:/Users/TEGAR/Documents/KELOMPOKB_TUBES-PROGRESS/gwm_project/vendor/laravel/framework/src/Illuminate/Container/Container.php(1115): Illuminate/Encryption/EncryptionServiceProvider->Illuminate/Encryption/{closure}(Object(Illuminate/Foundation/Application), Array)
#5 C:/Users/TEGAR/Documents/KELOMPOKB_TUBES-PROGRESS/gwm_project/vendor/laravel/framework/src/Illuminate/Container/Container.php(933): Illuminate/Container/Container->build(Object(Closure))
#6 C:/Users/TEGAR/Documents/KELOMPOKB_TUBES-PROGRESS/gwm_project/vendor/laravel/framework/src/Illuminate/Foundation/Application.php(1078): Illuminate/Container/Container->resolve('encrypter', Array, true)
#7 C:/Users/TEGAR/Documents/KELOMPOKB_TUBES-PROGRESS/gwm_project/vendor/laravel/framework/src/Illuminate/Container/Container.php(864): Illuminate/Foundation/Application->resolve('encrypter', Array)
#8 C:/Users/TEGAR/Documents/KELOMPOKB_TUBES-PROGRESS/gwm_project/vendor/laravel/framework/src/Illuminate/Foundation/Application.php(1058): Illuminate/Container/Container->make('encrypter', Array)
#9 C:/Users/TEGAR/Documents/KELOMPOKB_TUBES-PROGRESS/gwm_project/vendor/laravel/framework/src/Illuminate/Container/Container.php(1336): Illuminate/Foundation/Application->make('encrypter')
#10 C:/Users/TEGAR/Documents/KELOMPOKB_TUBES-PROGRESS/gwm_project/vendor/laravel/framework/src/Illuminate/Container/Container.php(1237): Illuminate/Container/Container->resolveClass(Object(ReflectionParameter), 'Illuminate//Cont...')
#11 C:/Users/TEGAR/Documents/KELOMPOKB_TUBES-PROGRESS/gwm_project/vendor/laravel/framework/src/Illuminate/Container/Container.php(1162): Illuminate/Container/Container->resolveDependencies(Array)
#12 C:/Users/TEGAR/Documents/KELOMPOKB_TUBES-PROGRESS/gwm_project/vendor/laravel/framework/src/Illuminate/Container/Container.php(933): Illuminate/Container/Container->build('Illuminate//Cook...')
#13 C:/Users/TEGAR/Documents/KELOMPOKB_TUBES-PROGRESS/gwm_project/vendor/laravel/framework/src/Illuminate/Foundation/Application.php(1078): Illuminate/Container/Container->resolve('Illuminate//Cook...', Array, true)
#14 C:/Users/TEGAR/Documents/KELOMPOKB_TUBES-PROGRESS/gwm_project/vendor/laravel/framework/src/Illuminate/Container/Container.php(864): Illuminate/Foundation/Application->resolve('Illuminate//Cook...', Array)
#15 C:/Users/TEGAR/Documents/KELOMPOKB_TUBES-PROGRESS/gwm_project/vendor/laravel/framework/src/Illuminate/Foundation/Application.php(1058): Illuminate/Container/Container->make('Illuminate//Cook...', Array)
#16 C:/Users/TEGAR/Documents/KELOMPOKB_TUBES-PROGRESS/gwm_project/vendor/laravel/framework/src/Illuminate/Pipeline/Pipeline.php(208): Illuminate/Foundation/Application->make('Illuminate//Cook...')
#17 C:/Users/TEGAR/Documents/KELOMPOKB_TUBES-PROGRESS/gwm_project/vendor/laravel/framework/src/Illuminate/Pipeline/Pipeline.php(137): Illuminate/Pipeline/Pipeline->Illuminate/Pipeline/{closure}(Object(Illuminate/Http/Request))
#18 C:/Users/TEGAR/Documents/KELOMPOKB_TUBES-PROGRESS/gwm_project/vendor/laravel/framework/src/Illuminate/Routing/Router.php(821): Illuminate/Pipeline/Pipeline->then(Object(Closure))
#19 C:/Users/TEGAR/Documents/KELOMPOKB_TUBES-PROGRESS/gwm_project/vendor/laravel/framework/src/Illuminate/Routing/Router.php(800): Illuminate/Routing/Router->runRouteWithinStack(Object(Illuminate/Routing/Route), Object(Illuminate/Http/Request))
#20 C:/Users/TEGAR/Documents/KELOMPOKB_TUBES-PROGRESS/gwm_project/vendor/laravel/framework/src/Illuminate/Routing/Router.php(764): Illuminate/Routing/Router->runRoute(Object(Illuminate/Http/Request), Object(Illuminate/Routing/Route))
#21 C:/Users/TEGAR/Documents/KELOMPOKB_TUBES-PROGRESS/gwm_project/vendor/laravel/framework/src/Illuminate/Routing/Router.php(753): Illuminate/Routing/Router->dispatchToRoute(Object(Illuminate/Http/Request))
#22 C:/Users/TEGAR/Documents/KELOMPOKB_TUBES-PROGRESS/gwm_project/vendor/laravel/framework/src/Illuminate/Foundation/Http/Kernel.php(200): Illuminate/Routing/Router->dispatch(Object(Illuminate/Http/Request))
#23 C:/Users/TEGAR/Documents/KELOMPOKB_TUBES-PROGRESS/gwm_project/vendor/laravel/framework/src/Illuminate/Pipeline/Pipeline.php(180): Illuminate/Foundation/Http/Kernel->Illuminate/Foundation/Http/{closure}(Object(Illuminate/Http/Request))
#24 C:/Users/TEGAR/Documents/KELOMPOKB_TUBES-PROGRESS/gwm_project/vendor/laravel/framework/src/Illuminate/Foundation/Http/Middleware/TransformsRequest.php(21): Illuminate/Pipeline/Pipeline->Illuminate/Pipeline/{closure}(Object(Illuminate/Http/Request))
#25 C:/Users/TEGAR/Documents/KELOMPOKB_TUBES-PROGRESS/gwm_project/vendor/laravel/framework/src/Illuminate/Foundation/Http/Middleware/ConvertEmptyStringsToNull.php(31): Illuminate/Foundation/Http/Middleware/TransformsRequest->handle(Object(Illuminate/Http/Request), Object(Closure))
#26 C:/Users/TEGAR/Documents/KELOMPOKB_TUBES-PROGRESS/gwm_project/vendor/laravel/framework/src/Illuminate/Pipeline/Pipeline.php(219): Illuminate/Foundation/Http/Middleware/ConvertEmptyStringsToNull->handle(Object(Illuminate/Http/Request), Object(Closure))
#27 C:/Users/TEGAR/Documents/KELOMPOKB_TUBES-PROGRESS/gwm_project/vendor/laravel/framework/src/Illuminate/Foundation/Http/Middleware/TransformsRequest.php(21): Illuminate/Pipeline/Pipeline->Illuminate/Pipeline/{closure}(Object(Illuminate/Http/Request))
#28 C:/Users/TEGAR/Documents/KELOMPOKB_TUBES-PROGRESS/gwm_project/vendor/laravel/framework/src/Illuminate/Foundation/Http/Middleware/TrimStrings.php(51): Illuminate/Foundation/Http/Middleware/TransformsRequest->handle(Object(Illuminate/Http/Request), Object(Closure))
#29 C:/Users/TEGAR/Documents/KELOMPOKB_TUBES-PROGRESS/gwm_project/vendor/laravel/framework/src/Illuminate/Pipeline/Pipeline.php(219): Illuminate/Foundation/Http/Middleware/TrimStrings->handle(Object(Illuminate/Http/Request), Object(Closure))
#30 C:/Users/TEGAR/Documents/KELOMPOKB_TUBES-PROGRESS/gwm_project/vendor/laravel/framework/src/Illuminate/Http/Middleware/ValidatePostSize.php(27): Illuminate/Pipeline/Pipeline->Illuminate/Pipeline/{closure}(Object(Illuminate/Http/Request))
#31 C:/Users/TEGAR/Documents/KELOMPOKB_TUBES-PROGRESS/gwm_project/vendor/laravel/framework/src/Illuminate/Pipeline/Pipeline.php(219): Illuminate/Http/Middleware/ValidatePostSize->handle(Object(Illuminate/Http/Request), Object(Closure))
#32 C:/Users/TEGAR/Documents/KELOMPOKB_TUBES-PROGRESS/gwm_project/vendor/laravel/framework/src/Illuminate/Foundation/Http/Middleware/PreventRequestsDuringMaintenance.php(109): Illuminate/Pipeline/Pipeline->Illuminate/Pipeline/{closure}(Object(Illuminate/Http/Request))
#33 C:/Users/TEGAR/Documents/KELOMPOKB_TUBES-PROGRESS/gwm_project/vendor/laravel/framework/src/Illuminate/Pipeline/Pipeline.php(219): Illuminate/Foundation/Http/Middleware/PreventRequestsDuringMaintenance->handle(Object(Illuminate/Http/Request), Object(Closure))
#34 C:/Users/TEGAR/Documents/KELOMPOKB_TUBES-PROGRESS/gwm_project/vendor/laravel/framework/src/Illuminate/Http/Middleware/HandleCors.php(61): Illuminate/Pipeline/Pipeline->Illuminate/Pipeline/{closure}(Object(Illuminate/Http/Request))
#35 C:/Users/TEGAR/Documents/KELOMPOKB_TUBES-PROGRESS/gwm_project/vendor/laravel/framework/src/Illuminate/Pipeline/Pipeline.php(219): Illuminate/Http/Middleware/HandleCors->handle(Object(Illuminate/Http/Request), Object(Closure))
#36 C:/Users/TEGAR/Documents/KELOMPOKB_TUBES-PROGRESS/gwm_project/vendor/laravel/framework/src/Illuminate/Http/Middleware/TrustProxies.php(58): Illuminate/Pipeline/Pipeline->Illuminate/Pipeline/{closure}(Object(Illuminate/Http/Request))
#37 C:/Users/TEGAR/Documents/KELOMPOKB_TUBES-PROGRESS/gwm_project/vendor/laravel/framework/src/Illuminate/Pipeline/Pipeline.php(219): Illuminate/Http/Middleware/TrustProxies->handle(Object(Illuminate/Http/Request), Object(Closure))
#38 C:/Users/TEGAR/Documents/KELOMPOKB_TUBES-PROGRESS/gwm_project/vendor/laravel/framework/src/Illuminate/Foundation/Http/Middleware/InvokeDeferredCallbacks.php(22): Illuminate/Pipeline/Pipeline->Illuminate/Pipeline/{closure}(Object(Illuminate/Http/Request))
#39 C:/Users/TEGAR/Documents/KELOMPOKB_TUBES-PROGRESS/gwm_project/vendor/laravel/framework/src/Illuminate/Pipeline/Pipeline.php(219): Illuminate/Foundation/Http/Middleware/InvokeDeferredCallbacks->handle(Object(Illuminate/Http/Request), Object(Closure))
#40 C:/Users/TEGAR/Documents/KELOMPOKB_TUBES-PROGRESS/gwm_project/vendor/laravel/framework/src/Illuminate/Http/Middleware/ValidatePathEncoding.php(26): Illuminate/Pipeline/Pipeline->Illuminate/Pipeline/{closure}(Object(Illuminate/Http/Request))
#41 C:/Users/TEGAR/Documents/KELOMPOKB_TUBES-PROGRESS/gwm_project/vendor/laravel/framework/src/Illuminate/Pipeline/Pipeline.php(219): Illuminate/Http/Middleware/ValidatePathEncoding->handle(Object(Illuminate/Http/Request), Object(Closure))
#42 C:/Users/TEGAR/Documents/KELOMPOKB_TUBES-PROGRESS/gwm_project/vendor/laravel/framework/src/Illuminate/Pipeline/Pipeline.php(137): Illuminate/Pipeline/Pipeline->Illuminate/Pipeline/{closure}(Object(Illuminate/Http/Request))
#43 C:/Users/TEGAR/Documents/KELOMPOKB_TUBES-PROGRESS/gwm_project/vendor/laravel/framework/src/Illuminate/Foundation/Http/Kernel.php(175): Illuminate/Pipeline/Pipeline->then(Object(Closure))
#44 C:/Users/TEGAR/Documents/KELOMPOKB_TUBES-PROGRESS/gwm_project/vendor/laravel/framework/src/Illuminate/Foundation/Http/Kernel.php(144): Illuminate/Foundation/Http/Kernel->sendRequestThroughRouter(Object(Illuminate/Http/Request))
#45 C:/Users/TEGAR/Documents/KELOMPOKB_TUBES-PROGRESS/gwm_project/vendor/laravel/framework/src/Illuminate/Foundation/Application.php(1220): Illuminate/Foundation/Http/Kernel->handle(Object(Illuminate/Http/Request))
#46 C:/Users/TEGAR/Documents/KELOMPOKB_TUBES-PROGRESS/gwm_project/public/index.php(20): Illuminate/Foundation/Application->handleRequest(Object(Illuminate/Http/Request))
#47 C:/Users/TEGAR/Documents/KELOMPOKB_TUBES-PROGRESS/gwm_project/vendor/laravel/framework/src/Illuminate/Foundation/resources/server.php(23): require_once('C://Users//TEGAR//...')
#48 {main}
"} 
[2026-04-21 10:00:45] local.ERROR: No application encryption key has been specified. {"exception":"[object] (Illuminate\\Encryption\\MissingAppKeyException(code: 0): No application encryption key has been specified. at C:/Users/TEGAR/Documents/KELOMPOKB_TUBES-PROGRESS/gwm_project/vendor/laravel/framework/src/Illuminate/Encryption/EncryptionServiceProvider.php:83)
[stacktrace]
#0 C:/Users/TEGAR/Documents/KELOMPOKB_TUBES-PROGRESS/gwm_project/vendor/laravel/framework/src/Illuminate/Support/helpers.php(393): Illuminate/Encryption/EncryptionServiceProvider->Illuminate/Encryption/{closure}('')
#1 C:/Users/TEGAR/Documents/KELOMPOKB_TUBES-PROGRESS/gwm_project/vendor/laravel/framework/src/Illuminate/Encryption/EncryptionServiceProvider.php(81): tap('', Object(Closure))
#2 C:/Users/TEGAR/Documents/KELOMPOKB_TUBES-PROGRESS/gwm_project/vendor/laravel/framework/src/Illuminate/Encryption/EncryptionServiceProvider.php(64): Illuminate/Encryption/EncryptionServiceProvider->key(Array)
#3 C:/Users/TEGAR/Documents/KELOMPOKB_TUBES-PROGRESS/gwm_project/vendor/laravel/framework/src/Illuminate/Encryption/EncryptionServiceProvider.php(32): Illuminate/Encryption/EncryptionServiceProvider->parseKey(Array)
#4 C:/Users/TEGAR/Documents/KELOMPOKB_TUBES-PROGRESS/gwm_project/vendor/laravel/framework/src/Illuminate/Container/Container.php(1115): Illuminate/Encryption/EncryptionServiceProvider->Illuminate/Encryption/{closure}(Object(Illuminate/Foundation/Application), Array)
#5 C:/Users/TEGAR/Documents/KELOMPOKB_TUBES-PROGRESS/gwm_project/vendor/laravel/framework/src/Illuminate/Container/Container.php(933): Illuminate/Container/Container->build(Object(Closure))
#6 C:/Users/TEGAR/Documents/KELOMPOKB_TUBES-PROGRESS/gwm_project/vendor/laravel/framework/src/Illuminate/Foundation/Application.php(1078): Illuminate/Container/Container->resolve('encrypter', Array, true)
#7 C:/Users/TEGAR/Documents/KELOMPOKB_TUBES-PROGRESS/gwm_project/vendor/laravel/framework/src/Illuminate/Container/Container.php(864): Illuminate/Foundation/Application->resolve('encrypter', Array)
#8 C:/Users/TEGAR/Documents/KELOMPOKB_TUBES-PROGRESS/gwm_project/vendor/laravel/framework/src/Illuminate/Foundation/Application.php(1058): Illuminate/Container/Container->make('encrypter', Array)
#9 C:/Users/TEGAR/Documents/KELOMPOKB_TUBES-PROGRESS/gwm_project/vendor/laravel/framework/src/Illuminate/Container/Container.php(1336): Illuminate/Foundation/Application->make('encrypter')
#10 C:/Users/TEGAR/Documents/KELOMPOKB_TUBES-PROGRESS/gwm_project/vendor/laravel/framework/src/Illuminate/Container/Container.php(1237): Illuminate/Container/Container->resolveClass(Object(ReflectionParameter), 'Illuminate//Cont...')
#11 C:/Users/TEGAR/Documents/KELOMPOKB_TUBES-PROGRESS/gwm_project/vendor/laravel/framework/src/Illuminate/Container/Container.php(1162): Illuminate/Container/Container->resolveDependencies(Array)
#12 C:/Users/TEGAR/Documents/KELOMPOKB_TUBES-PROGRESS/gwm_project/vendor/laravel/framework/src/Illuminate/Container/Container.php(933): Illuminate/Container/Container->build('Illuminate//Cook...')
#13 C:/Users/TEGAR/Documents/KELOMPOKB_TUBES-PROGRESS/gwm_project/vendor/laravel/framework/src/Illuminate/Foundation/Application.php(1078): Illuminate/Container/Container->resolve('Illuminate//Cook...', Array, true)
#14 C:/Users/TEGAR/Documents/KELOMPOKB_TUBES-PROGRESS/gwm_project/vendor/laravel/framework/src/Illuminate/Container/Container.php(864): Illuminate/Foundation/Application->resolve('Illuminate//Cook...', Array)
#15 C:/Users/TEGAR/Documents/KELOMPOKB_TUBES-PROGRESS/gwm_project/vendor/laravel/framework/src/Illuminate/Foundation/Application.php(1058): Illuminate/Container/Container->make('Illuminate//Cook...', Array)
#16 C:/Users/TEGAR/Documents/KELOMPOKB_TUBES-PROGRESS/gwm_project/vendor/laravel/framework/src/Illuminate/Foundation/Http/Kernel.php(257): Illuminate/Foundation/Application->make('Illuminate//Cook...')
#17 C:/Users/TEGAR/Documents/KELOMPOKB_TUBES-PROGRESS/gwm_project/vendor/laravel/framework/src/Illuminate/Foundation/Http/Kernel.php(215): Illuminate/Foundation/Http/Kernel->terminateMiddleware(Object(Illuminate/Http/Request), Object(Illuminate/Http/Response))
#18 C:/Users/TEGAR/Documents/KELOMPOKB_TUBES-PROGRESS/gwm_project/vendor/laravel/framework/src/Illuminate/Foundation/Application.php(1222): Illuminate/Foundation/Http/Kernel->terminate(Object(Illuminate/Http/Request), Object(Illuminate/Http/Response))
#19 C:/Users/TEGAR/Documents/KELOMPOKB_TUBES-PROGRESS/gwm_project/public/index.php(20): Illuminate/Foundation/Application->handleRequest(Object(Illuminate/Http/Request))
#20 C:/Users/TEGAR/Documents/KELOMPOKB_TUBES-PROGRESS/gwm_project/vendor/laravel/framework/src/Illuminate/Foundation/resources/server.php(23): require_once('C://Users//TEGAR//...')
#21 {main}
"} 
[2026-04-21 10:01:35] local.ERROR: No application encryption key has been specified. {"exception":"[object] (Illuminate\\Encryption\\MissingAppKeyException(code: 0): No application encryption key has been specified. at C:/Users/TEGAR/Documents/KELOMPOKB_TUBES-PROGRESS/gwm_project/vendor/laravel/framework/src/Illuminate/Encryption/EncryptionServiceProvider.php:83)
[stacktrace]
#0 C:/Users/TEGAR/Documents/KELOMPOKB_TUBES-PROGRESS/gwm_project/vendor/laravel/framework/src/Illuminate/Support/helpers.php(393): Illuminate/Encryption/EncryptionServiceProvider->Illuminate/Encryption/{closure}('')
#1 C:/Users/TEGAR/Documents/KELOMPOKB_TUBES-PROGRESS/gwm_project/vendor/laravel/framework/src/Illuminate/Encryption/EncryptionServiceProvider.php(81): tap('', Object(Closure))
#2 C:/Users/TEGAR/Documents/KELOMPOKB_TUBES-PROGRESS/gwm_project/vendor/laravel/framework/src/Illuminate/Encryption/EncryptionServiceProvider.php(64): Illuminate/Encryption/EncryptionServiceProvider->key(Array)
#3 C:/Users/TEGAR/Documents/KELOMPOKB_TUBES-PROGRESS/gwm_project/vendor/laravel/framework/src/Illuminate/Encryption/EncryptionServiceProvider.php(32): Illuminate/Encryption/EncryptionServiceProvider->parseKey(Array)
#4 C:/Users/TEGAR/Documents/KELOMPOKB_TUBES-PROGRESS/gwm_project/vendor/laravel/framework/src/Illuminate/Container/Container.php(1115): Illuminate/Encryption/EncryptionServiceProvider->Illuminate/Encryption/{closure}(Object(Illuminate/Foundation/Application), Array)
#5 C:/Users/TEGAR/Documents/KELOMPOKB_TUBES-PROGRESS/gwm_project/vendor/laravel/framework/src/Illuminate/Container/Container.php(933): Illuminate/Container/Container->build(Object(Closure))
#6 C:/Users/TEGAR/Documents/KELOMPOKB_TUBES-PROGRESS/gwm_project/vendor/laravel/framework/src/Illuminate/Foundation/Application.php(1078): Illuminate/Container/Container->resolve('encrypter', Array, true)
#7 C:/Users/TEGAR/Documents/KELOMPOKB_TUBES-PROGRESS/gwm_project/vendor/laravel/framework/src/Illuminate/Container/Container.php(864): Illuminate/Foundation/Application->resolve('encrypter', Array)
#8 C:/Users/TEGAR/Documents/KELOMPOKB_TUBES-PROGRESS/gwm_project/vendor/laravel/framework/src/Illuminate/Foundation/Application.php(1058): Illuminate/Container/Container->make('encrypter', Array)
#9 C:/Users/TEGAR/Documents/KELOMPOKB_TUBES-PROGRESS/gwm_project/vendor/laravel/framework/src/Illuminate/Container/Container.php(1336): Illuminate/Foundation/Application->make('encrypter')
#10 C:/Users/TEGAR/Documents/KELOMPOKB_TUBES-PROGRESS/gwm_project/vendor/laravel/framework/src/Illuminate/Container/Container.php(1237): Illuminate/Container/Container->resolveClass(Object(ReflectionParameter), 'Illuminate//Cont...')
#11 C:/Users/TEGAR/Documents/KELOMPOKB_TUBES-PROGRESS/gwm_project/vendor/laravel/framework/src/Illuminate/Container/Container.php(1162): Illuminate/Container/Container->resolveDependencies(Array)
#12 C:/Users/TEGAR/Documents/KELOMPOKB_TUBES-PROGRESS/gwm_project/vendor/laravel/framework/src/Illuminate/Container/Container.php(933): Illuminate/Container/Container->build('Illuminate//Cook...')
#13 C:/Users/TEGAR/Documents/KELOMPOKB_TUBES-PROGRESS/gwm_project/vendor/laravel/framework/src/Illuminate/Foundation/Application.php(1078): Illuminate/Container/Container->resolve('Illuminate//Cook...', Array, true)
#14 C:/Users/TEGAR/Documents/KELOMPOKB_TUBES-PROGRESS/gwm_project/vendor/laravel/framework/src/Illuminate/Container/Container.php(864): Illuminate/Foundation/Application->resolve('Illuminate//Cook...', Array)
#15 C:/Users/TEGAR/Documents/KELOMPOKB_TUBES-PROGRESS/gwm_project/vendor/laravel/framework/src/Illuminate/Foundation/Application.php(1058): Illuminate/Container/Container->make('Illuminate//Cook...', Array)
#16 C:/Users/TEGAR/Documents/KELOMPOKB_TUBES-PROGRESS/gwm_project/vendor/laravel/framework/src/Illuminate/Pipeline/Pipeline.php(208): Illuminate/Foundation/Application->make('Illuminate//Cook...')
#17 C:/Users/TEGAR/Documents/KELOMPOKB_TUBES-PROGRESS/gwm_project/vendor/laravel/framework/src/Illuminate/Pipeline/Pipeline.php(137): Illuminate/Pipeline/Pipeline->Illuminate/Pipeline/{closure}(Object(Illuminate/Http/Request))
#18 C:/Users/TEGAR/Documents/KELOMPOKB_TUBES-PROGRESS/gwm_project/vendor/laravel/framework/src/Illuminate/Routing/Router.php(821): Illuminate/Pipeline/Pipeline->then(Object(Closure))
#19 C:/Users/TEGAR/Documents/KELOMPOKB_TUBES-PROGRESS/gwm_project/vendor/laravel/framework/src/Illuminate/Routing/Router.php(800): Illuminate/Routing/Router->runRouteWithinStack(Object(Illuminate/Routing/Route), Object(Illuminate/Http/Request))
#20 C:/Users/TEGAR/Documents/KELOMPOKB_TUBES-PROGRESS/gwm_project/vendor/laravel/framework/src/Illuminate/Routing/Router.php(764): Illuminate/Routing/Router->runRoute(Object(Illuminate/Http/Request), Object(Illuminate/Routing/Route))
#21 C:/Users/TEGAR/Documents/KELOMPOKB_TUBES-PROGRESS/gwm_project/vendor/laravel/framework/src/Illuminate/Routing/Router.php(753): Illuminate/Routing/Router->dispatchToRoute(Object(Illuminate/Http/Request))
#22 C:/Users/TEGAR/Documents/KELOMPOKB_TUBES-PROGRESS/gwm_project/vendor/laravel/framework/src/Illuminate/Foundation/Http/Kernel.php(200): Illuminate/Routing/Router->dispatch(Object(Illuminate/Http/Request))
#23 C:/Users/TEGAR/Documents/KELOMPOKB_TUBES-PROGRESS/gwm_project/vendor/laravel/framework/src/Illuminate/Pipeline/Pipeline.php(180): Illuminate/Foundation/Http/Kernel->Illuminate/Foundation/Http/{closure}(Object(Illuminate/Http/Request))
#24 C:/Users/TEGAR/Documents/KELOMPOKB_TUBES-PROGRESS/gwm_project/vendor/laravel/framework/src/Illuminate/Foundation/Http/Middleware/TransformsRequest.php(21): Illuminate/Pipeline/Pipeline->Illuminate/Pipeline/{closure}(Object(Illuminate/Http/Request))
#25 C:/Users/TEGAR/Documents/KELOMPOKB_TUBES-PROGRESS/gwm_project/vendor/laravel/framework/src/Illuminate/Foundation/Http/Middleware/ConvertEmptyStringsToNull.php(31): Illuminate/Foundation/Http/Middleware/TransformsRequest->handle(Object(Illuminate/Http/Request), Object(Closure))
#26 C:/Users/TEGAR/Documents/KELOMPOKB_TUBES-PROGRESS/gwm_project/vendor/laravel/framework/src/Illuminate/Pipeline/Pipeline.php(219): Illuminate/Foundation/Http/Middleware/ConvertEmptyStringsToNull->handle(Object(Illuminate/Http/Request), Object(Closure))
#27 C:/Users/TEGAR/Documents/KELOMPOKB_TUBES-PROGRESS/gwm_project/vendor/laravel/framework/src/Illuminate/Foundation/Http/Middleware/TransformsRequest.php(21): Illuminate/Pipeline/Pipeline->Illuminate/Pipeline/{closure}(Object(Illuminate/Http/Request))
#28 C:/Users/TEGAR/Documents/KELOMPOKB_TUBES-PROGRESS/gwm_project/vendor/laravel/framework/src/Illuminate/Foundation/Http/Middleware/TrimStrings.php(51): Illuminate/Foundation/Http/Middleware/TransformsRequest->handle(Object(Illuminate/Http/Request), Object(Closure))
#29 C:/Users/TEGAR/Documents/KELOMPOKB_TUBES-PROGRESS/gwm_project/vendor/laravel/framework/src/Illuminate/Pipeline/Pipeline.php(219): Illuminate/Foundation/Http/Middleware/TrimStrings->handle(Object(Illuminate/Http/Request), Object(Closure))
#30 C:/Users/TEGAR/Documents/KELOMPOKB_TUBES-PROGRESS/gwm_project/vendor/laravel/framework/src/Illuminate/Http/Middleware/ValidatePostSize.php(27): Illuminate/Pipeline/Pipeline->Illuminate/Pipeline/{closure}(Object(Illuminate/Http/Request))
#31 C:/Users/TEGAR/Documents/KELOMPOKB_TUBES-PROGRESS/gwm_project/vendor/laravel/framework/src/Illuminate/Pipeline/Pipeline.php(219): Illuminate/Http/Middleware/ValidatePostSize->handle(Object(Illuminate/Http/Request), Object(Closure))
#32 C:/Users/TEGAR/Documents/KELOMPOKB_TUBES-PROGRESS/gwm_project/vendor/laravel/framework/src/Illuminate/Foundation/Http/Middleware/PreventRequestsDuringMaintenance.php(109): Illuminate/Pipeline/Pipeline->Illuminate/Pipeline/{closure}(Object(Illuminate/Http/Request))
#33 C:/Users/TEGAR/Documents/KELOMPOKB_TUBES-PROGRESS/gwm_project/vendor/laravel/framework/src/Illuminate/Pipeline/Pipeline.php(219): Illuminate/Foundation/Http/Middleware/PreventRequestsDuringMaintenance->handle(Object(Illuminate/Http/Request), Object(Closure))
#34 C:/Users/TEGAR/Documents/KELOMPOKB_TUBES-PROGRESS/gwm_project/vendor/laravel/framework/src/Illuminate/Http/Middleware/HandleCors.php(61): Illuminate/Pipeline/Pipeline->Illuminate/Pipeline/{closure}(Object(Illuminate/Http/Request))
#35 C:/Users/TEGAR/Documents/KELOMPOKB_TUBES-PROGRESS/gwm_project/vendor/laravel/framework/src/Illuminate/Pipeline/Pipeline.php(219): Illuminate/Http/Middleware/HandleCors->handle(Object(Illuminate/Http/Request), Object(Closure))
#36 C:/Users/TEGAR/Documents/KELOMPOKB_TUBES-PROGRESS/gwm_project/vendor/laravel/framework/src/Illuminate/Http/Middleware/TrustProxies.php(58): Illuminate/Pipeline/Pipeline->Illuminate/Pipeline/{closure}(Object(Illuminate/Http/Request))
#37 C:/Users/TEGAR/Documents/KELOMPOKB_TUBES-PROGRESS/gwm_project/vendor/laravel/framework/src/Illuminate/Pipeline/Pipeline.php(219): Illuminate/Http/Middleware/TrustProxies->handle(Object(Illuminate/Http/Request), Object(Closure))
#38 C:/Users/TEGAR/Documents/KELOMPOKB_TUBES-PROGRESS/gwm_project/vendor/laravel/framework/src/Illuminate/Foundation/Http/Middleware/InvokeDeferredCallbacks.php(22): Illuminate/Pipeline/Pipeline->Illuminate/Pipeline/{closure}(Object(Illuminate/Http/Request))
#39 C:/Users/TEGAR/Documents/KELOMPOKB_TUBES-PROGRESS/gwm_project/vendor/laravel/framework/src/Illuminate/Pipeline/Pipeline.php(219): Illuminate/Foundation/Http/Middleware/InvokeDeferredCallbacks->handle(Object(Illuminate/Http/Request), Object(Closure))
#40 C:/Users/TEGAR/Documents/KELOMPOKB_TUBES-PROGRESS/gwm_project/vendor/laravel/framework/src/Illuminate/Http/Middleware/ValidatePathEncoding.php(26): Illuminate/Pipeline/Pipeline->Illuminate/Pipeline/{closure}(Object(Illuminate/Http/Request))
#41 C:/Users/TEGAR/Documents/KELOMPOKB_TUBES-PROGRESS/gwm_project/vendor/laravel/framework/src/Illuminate/Pipeline/Pipeline.php(219): Illuminate/Http/Middleware/ValidatePathEncoding->handle(Object(Illuminate/Http/Request), Object(Closure))
#42 C:/Users/TEGAR/Documents/KELOMPOKB_TUBES-PROGRESS/gwm_project/vendor/laravel/framework/src/Illuminate/Pipeline/Pipeline.php(137): Illuminate/Pipeline/Pipeline->Illuminate/Pipeline/{closure}(Object(Illuminate/Http/Request))
#43 C:/Users/TEGAR/Documents/KELOMPOKB_TUBES-PROGRESS/gwm_project/vendor/laravel/framework/src/Illuminate/Foundation/Http/Kernel.php(175): Illuminate/Pipeline/Pipeline->then(Object(Closure))
#44 C:/Users/TEGAR/Documents/KELOMPOKB_TUBES-PROGRESS/gwm_project/vendor/laravel/framework/src/Illuminate/Foundation/Http/Kernel.php(144): Illuminate/Foundation/Http/Kernel->sendRequestThroughRouter(Object(Illuminate/Http/Request))
#45 C:/Users/TEGAR/Documents/KELOMPOKB_TUBES-PROGRESS/gwm_project/vendor/laravel/framework/src/Illuminate/Foundation/Application.php(1220): Illuminate/Foundation/Http/Kernel->handle(Object(Illuminate/Http/Request))
#46 C:/Users/TEGAR/Documents/KELOMPOKB_TUBES-PROGRESS/gwm_project/public/index.php(20): Illuminate/Foundation/Application->handleRequest(Object(Illuminate/Http/Request))
#47 C:/Users/TEGAR/Documents/KELOMPOKB_TUBES-PROGRESS/gwm_project/vendor/laravel/framework/src/Illuminate/Foundation/resources/server.php(23): require_once('C://Users//TEGAR//...')
#48 {main}
"} 
[2026-04-21 10:01:36] local.ERROR: No application encryption key has been specified. {"exception":"[object] (Illuminate\\Encryption\\MissingAppKeyException(code: 0): No application encryption key has been specified. at C:/Users/TEGAR/Documents/KELOMPOKB_TUBES-PROGRESS/gwm_project/vendor/laravel/framework/src/Illuminate/Encryption/EncryptionServiceProvider.php:83)
[stacktrace]
#0 C:/Users/TEGAR/Documents/KELOMPOKB_TUBES-PROGRESS/gwm_project/vendor/laravel/framework/src/Illuminate/Support/helpers.php(393): Illuminate/Encryption/EncryptionServiceProvider->Illuminate/Encryption/{closure}('')
#1 C:/Users/TEGAR/Documents/KELOMPOKB_TUBES-PROGRESS/gwm_project/vendor/laravel/framework/src/Illuminate/Encryption/EncryptionServiceProvider.php(81): tap('', Object(Closure))
#2 C:/Users/TEGAR/Documents/KELOMPOKB_TUBES-PROGRESS/gwm_project/vendor/laravel/framework/src/Illuminate/Encryption/EncryptionServiceProvider.php(64): Illuminate/Encryption/EncryptionServiceProvider->key(Array)
#3 C:/Users/TEGAR/Documents/KELOMPOKB_TUBES-PROGRESS/gwm_project/vendor/laravel/framework/src/Illuminate/Encryption/EncryptionServiceProvider.php(32): Illuminate/Encryption/EncryptionServiceProvider->parseKey(Array)
#4 C:/Users/TEGAR/Documents/KELOMPOKB_TUBES-PROGRESS/gwm_project/vendor/laravel/framework/src/Illuminate/Container/Container.php(1115): Illuminate/Encryption/EncryptionServiceProvider->Illuminate/Encryption/{closure}(Object(Illuminate/Foundation/Application), Array)
#5 C:/Users/TEGAR/Documents/KELOMPOKB_TUBES-PROGRESS/gwm_project/vendor/laravel/framework/src/Illuminate/Container/Container.php(933): Illuminate/Container/Container->build(Object(Closure))
#6 C:/Users/TEGAR/Documents/KELOMPOKB_TUBES-PROGRESS/gwm_project/vendor/laravel/framework/src/Illuminate/Foundation/Application.php(1078): Illuminate/Container/Container->resolve('encrypter', Array, true)
#7 C:/Users/TEGAR/Documents/KELOMPOKB_TUBES-PROGRESS/gwm_project/vendor/laravel/framework/src/Illuminate/Container/Container.php(864): Illuminate/Foundation/Application->resolve('encrypter', Array)
#8 C:/Users/TEGAR/Documents/KELOMPOKB_TUBES-PROGRESS/gwm_project/vendor/laravel/framework/src/Illuminate/Foundation/Application.php(1058): Illuminate/Container/Container->make('encrypter', Array)
#9 C:/Users/TEGAR/Documents/KELOMPOKB_TUBES-PROGRESS/gwm_project/vendor/laravel/framework/src/Illuminate/Container/Container.php(1336): Illuminate/Foundation/Application->make('encrypter')
#10 C:/Users/TEGAR/Documents/KELOMPOKB_TUBES-PROGRESS/gwm_project/vendor/laravel/framework/src/Illuminate/Container/Container.php(1237): Illuminate/Container/Container->resolveClass(Object(ReflectionParameter), 'Illuminate//Cont...')
#11 C:/Users/TEGAR/Documents/KELOMPOKB_TUBES-PROGRESS/gwm_project/vendor/laravel/framework/src/Illuminate/Container/Container.php(1162): Illuminate/Container/Container->resolveDependencies(Array)
#12 C:/Users/TEGAR/Documents/KELOMPOKB_TUBES-PROGRESS/gwm_project/vendor/laravel/framework/src/Illuminate/Container/Container.php(933): Illuminate/Container/Container->build('Illuminate//Cook...')
#13 C:/Users/TEGAR/Documents/KELOMPOKB_TUBES-PROGRESS/gwm_project/vendor/laravel/framework/src/Illuminate/Foundation/Application.php(1078): Illuminate/Container/Container->resolve('Illuminate//Cook...', Array, true)
#14 C:/Users/TEGAR/Documents/KELOMPOKB_TUBES-PROGRESS/gwm_project/vendor/laravel/framework/src/Illuminate/Container/Container.php(864): Illuminate/Foundation/Application->resolve('Illuminate//Cook...', Array)
#15 C:/Users/TEGAR/Documents/KELOMPOKB_TUBES-PROGRESS/gwm_project/vendor/laravel/framework/src/Illuminate/Foundation/Application.php(1058): Illuminate/Container/Container->make('Illuminate//Cook...', Array)
#16 C:/Users/TEGAR/Documents/KELOMPOKB_TUBES-PROGRESS/gwm_project/vendor/laravel/framework/src/Illuminate/Foundation/Http/Kernel.php(257): Illuminate/Foundation/Application->make('Illuminate//Cook...')
#17 C:/Users/TEGAR/Documents/KELOMPOKB_TUBES-PROGRESS/gwm_project/vendor/laravel/framework/src/Illuminate/Foundation/Http/Kernel.php(215): Illuminate/Foundation/Http/Kernel->terminateMiddleware(Object(Illuminate/Http/Request), Object(Illuminate/Http/Response))
#18 C:/Users/TEGAR/Documents/KELOMPOKB_TUBES-PROGRESS/gwm_project/vendor/laravel/framework/src/Illuminate/Foundation/Application.php(1222): Illuminate/Foundation/Http/Kernel->terminate(Object(Illuminate/Http/Request), Object(Illuminate/Http/Response))
#19 C:/Users/TEGAR/Documents/KELOMPOKB_TUBES-PROGRESS/gwm_project/public/index.php(20): Illuminate/Foundation/Application->handleRequest(Object(Illuminate/Http/Request))
#20 C:/Users/TEGAR/Documents/KELOMPOKB_TUBES-PROGRESS/gwm_project/vendor/laravel/framework/src/Illuminate/Foundation/resources/server.php(23): require_once('C://Users//TEGAR//...')
#21 {main}
"} 
[2026-04-21 10:02:57] local.ERROR: No application encryption key has been specified. {"exception":"[object] (Illuminate\\Encryption\\MissingAppKeyException(code: 0): No application encryption key has been specified. at C:/Users/TEGAR/Documents/KELOMPOKB_TUBES-PROGRESS/gwm_project/vendor/laravel/framework/src/Illuminate/Encryption/EncryptionServiceProvider.php:83)
[stacktrace]
#0 C:/Users/TEGAR/Documents/KELOMPOKB_TUBES-PROGRESS/gwm_project/vendor/laravel/framework/src/Illuminate/Support/helpers.php(393): Illuminate/Encryption/EncryptionServiceProvider->Illuminate/Encryption/{closure}('')
#1 C:/Users/TEGAR/Documents/KELOMPOKB_TUBES-PROGRESS/gwm_project/vendor/laravel/framework/src/Illuminate/Encryption/EncryptionServiceProvider.php(81): tap('', Object(Closure))
#2 C:/Users/TEGAR/Documents/KELOMPOKB_TUBES-PROGRESS/gwm_project/vendor/laravel/framework/src/Illuminate/Encryption/EncryptionServiceProvider.php(64): Illuminate/Encryption/EncryptionServiceProvider->key(Array)
#3 C:/Users/TEGAR/Documents/KELOMPOKB_TUBES-PROGRESS/gwm_project/vendor/laravel/framework/src/Illuminate/Encryption/EncryptionServiceProvider.php(32): Illuminate/Encryption/EncryptionServiceProvider->parseKey(Array)
#4 C:/Users/TEGAR/Documents/KELOMPOKB_TUBES-PROGRESS/gwm_project/vendor/laravel/framework/src/Illuminate/Container/Container.php(1115): Illuminate/Encryption/EncryptionServiceProvider->Illuminate/Encryption/{closure}(Object(Illuminate/Foundation/Application), Array)
#5 C:/Users/TEGAR/Documents/KELOMPOKB_TUBES-PROGRESS/gwm_project/vendor/laravel/framework/src/Illuminate/Container/Container.php(933): Illuminate/Container/Container->build(Object(Closure))
#6 C:/Users/TEGAR/Documents/KELOMPOKB_TUBES-PROGRESS/gwm_project/vendor/laravel/framework/src/Illuminate/Foundation/Application.php(1078): Illuminate/Container/Container->resolve('encrypter', Array, true)
#7 C:/Users/TEGAR/Documents/KELOMPOKB_TUBES-PROGRESS/gwm_project/vendor/laravel/framework/src/Illuminate/Container/Container.php(864): Illuminate/Foundation/Application->resolve('encrypter', Array)
#8 C:/Users/TEGAR/Documents/KELOMPOKB_TUBES-PROGRESS/gwm_project/vendor/laravel/framework/src/Illuminate/Foundation/Application.php(1058): Illuminate/Container/Container->make('encrypter', Array)
#9 C:/Users/TEGAR/Documents/KELOMPOKB_TUBES-PROGRESS/gwm_project/vendor/laravel/framework/src/Illuminate/Container/Container.php(1336): Illuminate/Foundation/Application->make('encrypter')
#10 C:/Users/TEGAR/Documents/KELOMPOKB_TUBES-PROGRESS/gwm_project/vendor/laravel/framework/src/Illuminate/Container/Container.php(1237): Illuminate/Container/Container->resolveClass(Object(ReflectionParameter), 'Illuminate//Cont...')
#11 C:/Users/TEGAR/Documents/KELOMPOKB_TUBES-PROGRESS/gwm_project/vendor/laravel/framework/src/Illuminate/Container/Container.php(1162): Illuminate/Container/Container->resolveDependencies(Array)
#12 C:/Users/TEGAR/Documents/KELOMPOKB_TUBES-PROGRESS/gwm_project/vendor/laravel/framework/src/Illuminate/Container/Container.php(933): Illuminate/Container/Container->build('Illuminate//Cook...')
#13 C:/Users/TEGAR/Documents/KELOMPOKB_TUBES-PROGRESS/gwm_project/vendor/laravel/framework/src/Illuminate/Foundation/Application.php(1078): Illuminate/Container/Container->resolve('Illuminate//Cook...', Array, true)
#14 C:/Users/TEGAR/Documents/KELOMPOKB_TUBES-PROGRESS/gwm_project/vendor/laravel/framework/src/Illuminate/Container/Container.php(864): Illuminate/Foundation/Application->resolve('Illuminate//Cook...', Array)
#15 C:/Users/TEGAR/Documents/KELOMPOKB_TUBES-PROGRESS/gwm_project/vendor/laravel/framework/src/Illuminate/Foundation/Application.php(1058): Illuminate/Container/Container->make('Illuminate//Cook...', Array)
#16 C:/Users/TEGAR/Documents/KELOMPOKB_TUBES-PROGRESS/gwm_project/vendor/laravel/framework/src/Illuminate/Pipeline/Pipeline.php(208): Illuminate/Foundation/Application->make('Illuminate//Cook...')
#17 C:/Users/TEGAR/Documents/KELOMPOKB_TUBES-PROGRESS/gwm_project/vendor/laravel/framework/src/Illuminate/Pipeline/Pipeline.php(137): Illuminate/Pipeline/Pipeline->Illuminate/Pipeline/{closure}(Object(Illuminate/Http/Request))
#18 C:/Users/TEGAR/Documents/KELOMPOKB_TUBES-PROGRESS/gwm_project/vendor/laravel/framework/src/Illuminate/Routing/Router.php(821): Illuminate/Pipeline/Pipeline->then(Object(Closure))
#19 C:/Users/TEGAR/Documents/KELOMPOKB_TUBES-PROGRESS/gwm_project/vendor/laravel/framework/src/Illuminate/Routing/Router.php(800): Illuminate/Routing/Router->runRouteWithinStack(Object(Illuminate/Routing/Route), Object(Illuminate/Http/Request))
#20 C:/Users/TEGAR/Documents/KELOMPOKB_TUBES-PROGRESS/gwm_project/vendor/laravel/framework/src/Illuminate/Routing/Router.php(764): Illuminate/Routing/Router->runRoute(Object(Illuminate/Http/Request), Object(Illuminate/Routing/Route))
#21 C:/Users/TEGAR/Documents/KELOMPOKB_TUBES-PROGRESS/gwm_project/vendor/laravel/framework/src/Illuminate/Routing/Router.php(753): Illuminate/Routing/Router->dispatchToRoute(Object(Illuminate/Http/Request))
#22 C:/Users/TEGAR/Documents/KELOMPOKB_TUBES-PROGRESS/gwm_project/vendor/laravel/framework/src/Illuminate/Foundation/Http/Kernel.php(200): Illuminate/Routing/Router->dispatch(Object(Illuminate/Http/Request))
#23 C:/Users/TEGAR/Documents/KELOMPOKB_TUBES-PROGRESS/gwm_project/vendor/laravel/framework/src/Illuminate/Pipeline/Pipeline.php(180): Illuminate/Foundation/Http/Kernel->Illuminate/Foundation/Http/{closure}(Object(Illuminate/Http/Request))
#24 C:/Users/TEGAR/Documents/KELOMPOKB_TUBES-PROGRESS/gwm_project/vendor/laravel/framework/src/Illuminate/Foundation/Http/Middleware/TransformsRequest.php(21): Illuminate/Pipeline/Pipeline->Illuminate/Pipeline/{closure}(Object(Illuminate/Http/Request))
#25 C:/Users/TEGAR/Documents/KELOMPOKB_TUBES-PROGRESS/gwm_project/vendor/laravel/framework/src/Illuminate/Foundation/Http/Middleware/ConvertEmptyStringsToNull.php(31): Illuminate/Foundation/Http/Middleware/TransformsRequest->handle(Object(Illuminate/Http/Request), Object(Closure))
#26 C:/Users/TEGAR/Documents/KELOMPOKB_TUBES-PROGRESS/gwm_project/vendor/laravel/framework/src/Illuminate/Pipeline/Pipeline.php(219): Illuminate/Foundation/Http/Middleware/ConvertEmptyStringsToNull->handle(Object(Illuminate/Http/Request), Object(Closure))
#27 C:/Users/TEGAR/Documents/KELOMPOKB_TUBES-PROGRESS/gwm_project/vendor/laravel/framework/src/Illuminate/Foundation/Http/Middleware/TransformsRequest.php(21): Illuminate/Pipeline/Pipeline->Illuminate/Pipeline/{closure}(Object(Illuminate/Http/Request))
#28 C:/Users/TEGAR/Documents/KELOMPOKB_TUBES-PROGRESS/gwm_project/vendor/laravel/framework/src/Illuminate/Foundation/Http/Middleware/TrimStrings.php(51): Illuminate/Foundation/Http/Middleware/TransformsRequest->handle(Object(Illuminate/Http/Request), Object(Closure))
#29 C:/Users/TEGAR/Documents/KELOMPOKB_TUBES-PROGRESS/gwm_project/vendor/laravel/framework/src/Illuminate/Pipeline/Pipeline.php(219): Illuminate/Foundation/Http/Middleware/TrimStrings->handle(Object(Illuminate/Http/Request), Object(Closure))
#30 C:/Users/TEGAR/Documents/KELOMPOKB_TUBES-PROGRESS/gwm_project/vendor/laravel/framework/src/Illuminate/Http/Middleware/ValidatePostSize.php(27): Illuminate/Pipeline/Pipeline->Illuminate/Pipeline/{closure}(Object(Illuminate/Http/Request))
#31 C:/Users/TEGAR/Documents/KELOMPOKB_TUBES-PROGRESS/gwm_project/vendor/laravel/framework/src/Illuminate/Pipeline/Pipeline.php(219): Illuminate/Http/Middleware/ValidatePostSize->handle(Object(Illuminate/Http/Request), Object(Closure))
#32 C:/Users/TEGAR/Documents/KELOMPOKB_TUBES-PROGRESS/gwm_project/vendor/laravel/framework/src/Illuminate/Foundation/Http/Middleware/PreventRequestsDuringMaintenance.php(109): Illuminate/Pipeline/Pipeline->Illuminate/Pipeline/{closure}(Object(Illuminate/Http/Request))
#33 C:/Users/TEGAR/Documents/KELOMPOKB_TUBES-PROGRESS/gwm_project/vendor/laravel/framework/src/Illuminate/Pipeline/Pipeline.php(219): Illuminate/Foundation/Http/Middleware/PreventRequestsDuringMaintenance->handle(Object(Illuminate/Http/Request), Object(Closure))
#34 C:/Users/TEGAR/Documents/KELOMPOKB_TUBES-PROGRESS/gwm_project/vendor/laravel/framework/src/Illuminate/Http/Middleware/HandleCors.php(61): Illuminate/Pipeline/Pipeline->Illuminate/Pipeline/{closure}(Object(Illuminate/Http/Request))
#35 C:/Users/TEGAR/Documents/KELOMPOKB_TUBES-PROGRESS/gwm_project/vendor/laravel/framework/src/Illuminate/Pipeline/Pipeline.php(219): Illuminate/Http/Middleware/HandleCors->handle(Object(Illuminate/Http/Request), Object(Closure))
#36 C:/Users/TEGAR/Documents/KELOMPOKB_TUBES-PROGRESS/gwm_project/vendor/laravel/framework/src/Illuminate/Http/Middleware/TrustProxies.php(58): Illuminate/Pipeline/Pipeline->Illuminate/Pipeline/{closure}(Object(Illuminate/Http/Request))
#37 C:/Users/TEGAR/Documents/KELOMPOKB_TUBES-PROGRESS/gwm_project/vendor/laravel/framework/src/Illuminate/Pipeline/Pipeline.php(219): Illuminate/Http/Middleware/TrustProxies->handle(Object(Illuminate/Http/Request), Object(Closure))
#38 C:/Users/TEGAR/Documents/KELOMPOKB_TUBES-PROGRESS/gwm_project/vendor/laravel/framework/src/Illuminate/Foundation/Http/Middleware/InvokeDeferredCallbacks.php(22): Illuminate/Pipeline/Pipeline->Illuminate/Pipeline/{closure}(Object(Illuminate/Http/Request))
#39 C:/Users/TEGAR/Documents/KELOMPOKB_TUBES-PROGRESS/gwm_project/vendor/laravel/framework/src/Illuminate/Pipeline/Pipeline.php(219): Illuminate/Foundation/Http/Middleware/InvokeDeferredCallbacks->handle(Object(Illuminate/Http/Request), Object(Closure))
#40 C:/Users/TEGAR/Documents/KELOMPOKB_TUBES-PROGRESS/gwm_project/vendor/laravel/framework/src/Illuminate/Http/Middleware/ValidatePathEncoding.php(26): Illuminate/Pipeline/Pipeline->Illuminate/Pipeline/{closure}(Object(Illuminate/Http/Request))
#41 C:/Users/TEGAR/Documents/KELOMPOKB_TUBES-PROGRESS/gwm_project/vendor/laravel/framework/src/Illuminate/Pipeline/Pipeline.php(219): Illuminate/Http/Middleware/ValidatePathEncoding->handle(Object(Illuminate/Http/Request), Object(Closure))
#42 C:/Users/TEGAR/Documents/KELOMPOKB_TUBES-PROGRESS/gwm_project/vendor/laravel/framework/src/Illuminate/Pipeline/Pipeline.php(137): Illuminate/Pipeline/Pipeline->Illuminate/Pipeline/{closure}(Object(Illuminate/Http/Request))
#43 C:/Users/TEGAR/Documents/KELOMPOKB_TUBES-PROGRESS/gwm_project/vendor/laravel/framework/src/Illuminate/Foundation/Http/Kernel.php(175): Illuminate/Pipeline/Pipeline->then(Object(Closure))
#44 C:/Users/TEGAR/Documents/KELOMPOKB_TUBES-PROGRESS/gwm_project/vendor/laravel/framework/src/Illuminate/Foundation/Http/Kernel.php(144): Illuminate/Foundation/Http/Kernel->sendRequestThroughRouter(Object(Illuminate/Http/Request))
#45 C:/Users/TEGAR/Documents/KELOMPOKB_TUBES-PROGRESS/gwm_project/vendor/laravel/framework/src/Illuminate/Foundation/Application.php(1220): Illuminate/Foundation/Http/Kernel->handle(Object(Illuminate/Http/Request))
#46 C:/Users/TEGAR/Documents/KELOMPOKB_TUBES-PROGRESS/gwm_project/public/index.php(20): Illuminate/Foundation/Application->handleRequest(Object(Illuminate/Http/Request))
#47 C:/Users/TEGAR/Documents/KELOMPOKB_TUBES-PROGRESS/gwm_project/vendor/laravel/framework/src/Illuminate/Foundation/resources/server.php(23): require_once('C://Users//TEGAR//...')
#48 {main}
"} 
[2026-04-21 10:02:59] local.ERROR: No application encryption key has been specified. {"exception":"[object] (Illuminate\\Encryption\\MissingAppKeyException(code: 0): No application encryption key has been specified. at C:/Users/TEGAR/Documents/KELOMPOKB_TUBES-PROGRESS/gwm_project/vendor/laravel/framework/src/Illuminate/Encryption/EncryptionServiceProvider.php:83)
[stacktrace]
#0 C:/Users/TEGAR/Documents/KELOMPOKB_TUBES-PROGRESS/gwm_project/vendor/laravel/framework/src/Illuminate/Support/helpers.php(393): Illuminate/Encryption/EncryptionServiceProvider->Illuminate/Encryption/{closure}('')
#1 C:/Users/TEGAR/Documents/KELOMPOKB_TUBES-PROGRESS/gwm_project/vendor/laravel/framework/src/Illuminate/Encryption/EncryptionServiceProvider.php(81): tap('', Object(Closure))
#2 C:/Users/TEGAR/Documents/KELOMPOKB_TUBES-PROGRESS/gwm_project/vendor/laravel/framework/src/Illuminate/Encryption/EncryptionServiceProvider.php(64): Illuminate/Encryption/EncryptionServiceProvider->key(Array)
#3 C:/Users/TEGAR/Documents/KELOMPOKB_TUBES-PROGRESS/gwm_project/vendor/laravel/framework/src/Illuminate/Encryption/EncryptionServiceProvider.php(32): Illuminate/Encryption/EncryptionServiceProvider->parseKey(Array)
#4 C:/Users/TEGAR/Documents/KELOMPOKB_TUBES-PROGRESS/gwm_project/vendor/laravel/framework/src/Illuminate/Container/Container.php(1115): Illuminate/Encryption/EncryptionServiceProvider->Illuminate/Encryption/{closure}(Object(Illuminate/Foundation/Application), Array)
#5 C:/Users/TEGAR/Documents/KELOMPOKB_TUBES-PROGRESS/gwm_project/vendor/laravel/framework/src/Illuminate/Container/Container.php(933): Illuminate/Container/Container->build(Object(Closure))
#6 C:/Users/TEGAR/Documents/KELOMPOKB_TUBES-PROGRESS/gwm_project/vendor/laravel/framework/src/Illuminate/Foundation/Application.php(1078): Illuminate/Container/Container->resolve('encrypter', Array, true)
#7 C:/Users/TEGAR/Documents/KELOMPOKB_TUBES-PROGRESS/gwm_project/vendor/laravel/framework/src/Illuminate/Container/Container.php(864): Illuminate/Foundation/Application->resolve('encrypter', Array)
#8 C:/Users/TEGAR/Documents/KELOMPOKB_TUBES-PROGRESS/gwm_project/vendor/laravel/framework/src/Illuminate/Foundation/Application.php(1058): Illuminate/Container/Container->make('encrypter', Array)
#9 C:/Users/TEGAR/Documents/KELOMPOKB_TUBES-PROGRESS/gwm_project/vendor/laravel/framework/src/Illuminate/Container/Container.php(1336): Illuminate/Foundation/Application->make('encrypter')
#10 C:/Users/TEGAR/Documents/KELOMPOKB_TUBES-PROGRESS/gwm_project/vendor/laravel/framework/src/Illuminate/Container/Container.php(1237): Illuminate/Container/Container->resolveClass(Object(ReflectionParameter), 'Illuminate//Cont...')
#11 C:/Users/TEGAR/Documents/KELOMPOKB_TUBES-PROGRESS/gwm_project/vendor/laravel/framework/src/Illuminate/Container/Container.php(1162): Illuminate/Container/Container->resolveDependencies(Array)
#12 C:/Users/TEGAR/Documents/KELOMPOKB_TUBES-PROGRESS/gwm_project/vendor/laravel/framework/src/Illuminate/Container/Container.php(933): Illuminate/Container/Container->build('Illuminate//Cook...')
#13 C:/Users/TEGAR/Documents/KELOMPOKB_TUBES-PROGRESS/gwm_project/vendor/laravel/framework/src/Illuminate/Foundation/Application.php(1078): Illuminate/Container/Container->resolve('Illuminate//Cook...', Array, true)
#14 C:/Users/TEGAR/Documents/KELOMPOKB_TUBES-PROGRESS/gwm_project/vendor/laravel/framework/src/Illuminate/Container/Container.php(864): Illuminate/Foundation/Application->resolve('Illuminate//Cook...', Array)
#15 C:/Users/TEGAR/Documents/KELOMPOKB_TUBES-PROGRESS/gwm_project/vendor/laravel/framework/src/Illuminate/Foundation/Application.php(1058): Illuminate/Container/Container->make('Illuminate//Cook...', Array)
#16 C:/Users/TEGAR/Documents/KELOMPOKB_TUBES-PROGRESS/gwm_project/vendor/laravel/framework/src/Illuminate/Foundation/Http/Kernel.php(257): Illuminate/Foundation/Application->make('Illuminate//Cook...')
#17 C:/Users/TEGAR/Documents/KELOMPOKB_TUBES-PROGRESS/gwm_project/vendor/laravel/framework/src/Illuminate/Foundation/Http/Kernel.php(215): Illuminate/Foundation/Http/Kernel->terminateMiddleware(Object(Illuminate/Http/Request), Object(Illuminate/Http/Response))
#18 C:/Users/TEGAR/Documents/KELOMPOKB_TUBES-PROGRESS/gwm_project/vendor/laravel/framework/src/Illuminate/Foundation/Application.php(1222): Illuminate/Foundation/Http/Kernel->terminate(Object(Illuminate/Http/Request), Object(Illuminate/Http/Response))
#19 C:/Users/TEGAR/Documents/KELOMPOKB_TUBES-PROGRESS/gwm_project/public/index.php(20): Illuminate/Foundation/Application->handleRequest(Object(Illuminate/Http/Request))
#20 C:/Users/TEGAR/Documents/KELOMPOKB_TUBES-PROGRESS/gwm_project/vendor/laravel/framework/src/Illuminate/Foundation/resources/server.php(23): require_once('C://Users//TEGAR//...')
#21 {main}
"} 
[2026-04-21 10:04:11] local.ERROR: SQLSTATE[42S01]: Base table or view already exists: 1050 Table 'users' already exists (Connection: mysql, Host: 127.0.0.1, Port: 3306, Database: gwm_db, SQL: create table `users` (`id` bigint unsigned not null auto_increment primary key, `name` varchar(255) not null, `email` varchar(255) not null, `role` enum('admin', 'petugas') not null default 'petugas', `email_verified_at` timestamp null, `password` varchar(255) not null, `remember_token` varchar(100) null, `created_at` timestamp null, `updated_at` timestamp null) default character set utf8mb4 collate 'utf8mb4_unicode_ci') {"exception":"[object] (Illuminate\\Database\\QueryException(code: 42S01): SQLSTATE[42S01]: Base table or view already exists: 1050 Table 'users' already exists (Connection: mysql, Host: 127.0.0.1, Port: 3306, Database: gwm_db, SQL: create table `users` (`id` bigint unsigned not null auto_increment primary key, `name` varchar(255) not null, `email` varchar(255) not null, `role` enum('admin', 'petugas') not null default 'petugas', `email_verified_at` timestamp null, `password` varchar(255) not null, `remember_token` varchar(100) null, `created_at` timestamp null, `updated_at` timestamp null) default character set utf8mb4 collate 'utf8mb4_unicode_ci') at C:/Users/TEGAR/Documents/KELOMPOKB_TUBES-PROGRESS/gwm_project/vendor/laravel/framework/src/Illuminate/Database/Connection.php:838)
[stacktrace]
#0 C:/Users/TEGAR/Documents/KELOMPOKB_TUBES-PROGRESS/gwm_project/vendor/laravel/framework/src/Illuminate/Database/Connection.php(794): Illuminate/Database/Connection->runQueryCallback('create table `u...', Array, Object(Closure))
#1 C:/Users/TEGAR/Documents/KELOMPOKB_TUBES-PROGRESS/gwm_project/vendor/laravel/framework/src/Illuminate/Database/Connection.php(573): Illuminate/Database/Connection->run('create table `u...', Array, Object(Closure))
#2 C:/Users/TEGAR/Documents/KELOMPOKB_TUBES-PROGRESS/gwm_project/vendor/laravel/framework/src/Illuminate/Database/Schema/Blueprint.php(121): Illuminate/Database/Connection->statement('create table `u...')
#3 C:/Users/TEGAR/Documents/KELOMPOKB_TUBES-PROGRESS/gwm_project/vendor/laravel/framework/src/Illuminate/Database/Schema/Builder.php(686): Illuminate/Database/Schema/Blueprint->build()
#4 C:/Users/TEGAR/Documents/KELOMPOKB_TUBES-PROGRESS/gwm_project/vendor/laravel/framework/src/Illuminate/Database/Schema/Builder.php(506): Illuminate/Database/Schema/Builder->build(Object(Illuminate/Database/Schema/Blueprint))
#5 C:/Users/TEGAR/Documents/KELOMPOKB_TUBES-PROGRESS/gwm_project/vendor/laravel/framework/src/Illuminate/Support/Facades/Facade.php(363): Illuminate/Database/Schema/Builder->create('users', Object(Closure))
#6 C:/Users/TEGAR/Documents/KELOMPOKB_TUBES-PROGRESS/gwm_project/database/migrations/0001_01_01_000000_create_users_table.php(14): Illuminate/Support/Facades/Facade::__callStatic('create', Array)
#7 C:/Users/TEGAR/Documents/KELOMPOKB_TUBES-PROGRESS/gwm_project/vendor/laravel/framework/src/Illuminate/Database/Migrations/Migrator.php(517): Illuminate/Database/Migrations/Migration@anonymous->up()
#8 C:/Users/TEGAR/Documents/KELOMPOKB_TUBES-PROGRESS/gwm_project/vendor/laravel/framework/src/Illuminate/Database/Migrations/Migrator.php(442): Illuminate/Database/Migrations/Migrator->runMethod(Object(Illuminate/Database/MySqlConnection), Object(Illuminate/Database/Migrations/Migration@anonymous), 'up')
#9 C:/Users/TEGAR/Documents/KELOMPOKB_TUBES-PROGRESS/gwm_project/vendor/laravel/framework/src/Illuminate/Database/Migrations/Migrator.php(451): Illuminate/Database/Migrations/Migrator->Illuminate/Database/Migrations/{closure}()
#10 C:/Users/TEGAR/Documents/KELOMPOKB_TUBES-PROGRESS/gwm_project/vendor/laravel/framework/src/Illuminate/Database/Migrations/Migrator.php(253): Illuminate/Database/Migrations/Migrator->runMigration(Object(Illuminate/Database/Migrations/Migration@anonymous), 'up')
#11 C:/Users/TEGAR/Documents/KELOMPOKB_TUBES-PROGRESS/gwm_project/vendor/laravel/framework/src/Illuminate/Console/View/Components/Task.php(41): Illuminate/Database/Migrations/Migrator->Illuminate/Database/Migrations/{closure}()
#12 C:/Users/TEGAR/Documents/KELOMPOKB_TUBES-PROGRESS/gwm_project/vendor/laravel/framework/src/Illuminate/Database/Migrations/Migrator.php(814): Illuminate/Console/View/Components/Task->render('0001_01_01_0000...', Object(Closure))
#13 C:/Users/TEGAR/Documents/KELOMPOKB_TUBES-PROGRESS/gwm_project/vendor/laravel/framework/src/Illuminate/Database/Migrations/Migrator.php(253): Illuminate/Database/Migrations/Migrator->write('Illuminate//Cons...', '0001_01_01_0000...', Object(Closure))
#14 C:/Users/TEGAR/Documents/KELOMPOKB_TUBES-PROGRESS/gwm_project/vendor/laravel/framework/src/Illuminate/Database/Migrations/Migrator.php(211): Illuminate/Database/Migrations/Migrator->runUp('C://Users//TEGAR//...', 1, false)
#15 C:/Users/TEGAR/Documents/KELOMPOKB_TUBES-PROGRESS/gwm_project/vendor/laravel/framework/src/Illuminate/Database/Migrations/Migrator.php(138): Illuminate/Database/Migrations/Migrator->runPending(Array, Array)
#16 C:/Users/TEGAR/Documents/KELOMPOKB_TUBES-PROGRESS/gwm_project/vendor/laravel/framework/src/Illuminate/Database/Console/Migrations/MigrateCommand.php(116): Illuminate/Database/Migrations/Migrator->run(Array, Array)
#17 C:/Users/TEGAR/Documents/KELOMPOKB_TUBES-PROGRESS/gwm_project/vendor/laravel/framework/src/Illuminate/Database/Migrations/Migrator.php(671): Illuminate/Database/Console/Migrations/MigrateCommand->Illuminate/Database/Console/Migrations/{closure}()
#18 C:/Users/TEGAR/Documents/KELOMPOKB_TUBES-PROGRESS/gwm_project/vendor/laravel/framework/src/Illuminate/Database/Console/Migrations/MigrateCommand.php(109): Illuminate/Database/Migrations/Migrator->usingConnection(NULL, Object(Closure))
#19 C:/Users/TEGAR/Documents/KELOMPOKB_TUBES-PROGRESS/gwm_project/vendor/laravel/framework/src/Illuminate/Database/Console/Migrations/MigrateCommand.php(88): Illuminate/Database/Console/Migrations/MigrateCommand->runMigrations()
#20 C:/Users/TEGAR/Documents/KELOMPOKB_TUBES-PROGRESS/gwm_project/vendor/laravel/framework/src/Illuminate/Container/BoundMethod.php(36): Illuminate/Database/Console/Migrations/MigrateCommand->handle()
#21 C:/Users/TEGAR/Documents/KELOMPOKB_TUBES-PROGRESS/gwm_project/vendor/laravel/framework/src/Illuminate/Container/Util.php(43): Illuminate/Container/BoundMethod::Illuminate/Container/{closure}()
#22 C:/Users/TEGAR/Documents/KELOMPOKB_TUBES-PROGRESS/gwm_project/vendor/laravel/framework/src/Illuminate/Container/BoundMethod.php(96): Illuminate/Container/Util::unwrapIfClosure(Object(Closure))
#23 C:/Users/TEGAR/Documents/KELOMPOKB_TUBES-PROGRESS/gwm_project/vendor/laravel/framework/src/Illuminate/Container/BoundMethod.php(35): Illuminate/Container/BoundMethod::callBoundMethod(Object(Illuminate/Foundation/Application), Array, Object(Closure))
#24 C:/Users/TEGAR/Documents/KELOMPOKB_TUBES-PROGRESS/gwm_project/vendor/laravel/framework/src/Illuminate/Container/Container.php(799): Illuminate/Container/BoundMethod::call(Object(Illuminate/Foundation/Application), Array, Array, NULL)
#25 C:/Users/TEGAR/Documents/KELOMPOKB_TUBES-PROGRESS/gwm_project/vendor/laravel/framework/src/Illuminate/Console/Command.php(211): Illuminate/Container/Container->call(Array)
#26 C:/Users/TEGAR/Documents/KELOMPOKB_TUBES-PROGRESS/gwm_project/vendor/symfony/console/Command/Command.php(341): Illuminate/Console/Command->execute(Object(Symfony/Component/Console/Input/ArgvInput), Object(Illuminate/Console/OutputStyle))
#27 C:/Users/TEGAR/Documents/KELOMPOKB_TUBES-PROGRESS/gwm_project/vendor/laravel/framework/src/Illuminate/Console/Command.php(180): Symfony/Component/Console/Command/Command->run(Object(Symfony/Component/Console/Input/ArgvInput), Object(Illuminate/Console/OutputStyle))
#28 C:/Users/TEGAR/Documents/KELOMPOKB_TUBES-PROGRESS/gwm_project/vendor/symfony/console/Application.php(1117): Illuminate/Console/Command->run(Object(Symfony/Component/Console/Input/ArgvInput), Object(Symfony/Component/Console/Output/ConsoleOutput))
#29 C:/Users/TEGAR/Documents/KELOMPOKB_TUBES-PROGRESS/gwm_project/vendor/symfony/console/Application.php(356): Symfony/Component/Console/Application->doRunCommand(Object(Illuminate/Database/Console/Migrations/MigrateCommand), Object(Symfony/Component/Console/Input/ArgvInput), Object(Symfony/Component/Console/Output/ConsoleOutput))
#30 C:/Users/TEGAR/Documents/KELOMPOKB_TUBES-PROGRESS/gwm_project/vendor/symfony/console/Application.php(195): Symfony/Component/Console/Application->doRun(Object(Symfony/Component/Console/Input/ArgvInput), Object(Symfony/Component/Console/Output/ConsoleOutput))
#31 C:/Users/TEGAR/Documents/KELOMPOKB_TUBES-PROGRESS/gwm_project/vendor/laravel/framework/src/Illuminate/Foundation/Console/Kernel.php(198): Symfony/Component/Console/Application->run(Object(Symfony/Component/Console/Input/ArgvInput), Object(Symfony/Component/Console/Output/ConsoleOutput))
#32 C:/Users/TEGAR/Documents/KELOMPOKB_TUBES-PROGRESS/gwm_project/vendor/laravel/framework/src/Illuminate/Foundation/Application.php(1235): Illuminate/Foundation/Console/Kernel->handle(Object(Symfony/Component/Console/Input/ArgvInput), Object(Symfony/Component/Console/Output/ConsoleOutput))
#33 C:/Users/TEGAR/Documents/KELOMPOKB_TUBES-PROGRESS/gwm_project/artisan(16): Illuminate/Foundation/Application->handleCommand(Object(Symfony/Component/Console/Input/ArgvInput))
#34 {main}

[previous exception] [object] (PDOException(code: 42S01): SQLSTATE[42S01]: Base table or view already exists: 1050 Table 'users' already exists at C:/Users/TEGAR/Documents/KELOMPOKB_TUBES-PROGRESS/gwm_project/vendor/laravel/framework/src/Illuminate/Database/Connection.php:584)
[stacktrace]
#0 C:/Users/TEGAR/Documents/KELOMPOKB_TUBES-PROGRESS/gwm_project/vendor/laravel/framework/src/Illuminate/Database/Connection.php(584): PDOStatement->execute()
#1 C:/Users/TEGAR/Documents/KELOMPOKB_TUBES-PROGRESS/gwm_project/vendor/laravel/framework/src/Illuminate/Database/Connection.php(827): Illuminate/Database/Connection->Illuminate/Database/{closure}('create table `u...', Array)
#2 C:/Users/TEGAR/Documents/KELOMPOKB_TUBES-PROGRESS/gwm_project/vendor/laravel/framework/src/Illuminate/Database/Connection.php(794): Illuminate/Database/Connection->runQueryCallback('create table `u...', Array, Object(Closure))
#3 C:/Users/TEGAR/Documents/KELOMPOKB_TUBES-PROGRESS/gwm_project/vendor/laravel/framework/src/Illuminate/Database/Connection.php(573): Illuminate/Database/Connection->run('create table `u...', Array, Object(Closure))
#4 C:/Users/TEGAR/Documents/KELOMPOKB_TUBES-PROGRESS/gwm_project/vendor/laravel/framework/src/Illuminate/Database/Schema/Blueprint.php(121): Illuminate/Database/Connection->statement('create table `u...')
#5 C:/Users/TEGAR/Documents/KELOMPOKB_TUBES-PROGRESS/gwm_project/vendor/laravel/framework/src/Illuminate/Database/Schema/Builder.php(686): Illuminate/Database/Schema/Blueprint->build()
#6 C:/Users/TEGAR/Documents/KELOMPOKB_TUBES-PROGRESS/gwm_project/vendor/laravel/framework/src/Illuminate/Database/Schema/Builder.php(506): Illuminate/Database/Schema/Builder->build(Object(Illuminate/Database/Schema/Blueprint))
#7 C:/Users/TEGAR/Documents/KELOMPOKB_TUBES-PROGRESS/gwm_project/vendor/laravel/framework/src/Illuminate/Support/Facades/Facade.php(363): Illuminate/Database/Schema/Builder->create('users', Object(Closure))
#8 C:/Users/TEGAR/Documents/KELOMPOKB_TUBES-PROGRESS/gwm_project/database/migrations/0001_01_01_000000_create_users_table.php(14): Illuminate/Support/Facades/Facade::__callStatic('create', Array)
#9 C:/Users/TEGAR/Documents/KELOMPOKB_TUBES-PROGRESS/gwm_project/vendor/laravel/framework/src/Illuminate/Database/Migrations/Migrator.php(517): Illuminate/Database/Migrations/Migration@anonymous->up()
#10 C:/Users/TEGAR/Documents/KELOMPOKB_TUBES-PROGRESS/gwm_project/vendor/laravel/framework/src/Illuminate/Database/Migrations/Migrator.php(442): Illuminate/Database/Migrations/Migrator->runMethod(Object(Illuminate/Database/MySqlConnection), Object(Illuminate/Database/Migrations/Migration@anonymous), 'up')
#11 C:/Users/TEGAR/Documents/KELOMPOKB_TUBES-PROGRESS/gwm_project/vendor/laravel/framework/src/Illuminate/Database/Migrations/Migrator.php(451): Illuminate/Database/Migrations/Migrator->Illuminate/Database/Migrations/{closure}()
#12 C:/Users/TEGAR/Documents/KELOMPOKB_TUBES-PROGRESS/gwm_project/vendor/laravel/framework/src/Illuminate/Database/Migrations/Migrator.php(253): Illuminate/Database/Migrations/Migrator->runMigration(Object(Illuminate/Database/Migrations/Migration@anonymous), 'up')
#13 C:/Users/TEGAR/Documents/KELOMPOKB_TUBES-PROGRESS/gwm_project/vendor/laravel/framework/src/Illuminate/Console/View/Components/Task.php(41): Illuminate/Database/Migrations/Migrator->Illuminate/Database/Migrations/{closure}()
#14 C:/Users/TEGAR/Documents/KELOMPOKB_TUBES-PROGRESS/gwm_project/vendor/laravel/framework/src/Illuminate/Database/Migrations/Migrator.php(814): Illuminate/Console/View/Components/Task->render('0001_01_01_0000...', Object(Closure))
#15 C:/Users/TEGAR/Documents/KELOMPOKB_TUBES-PROGRESS/gwm_project/vendor/laravel/framework/src/Illuminate/Database/Migrations/Migrator.php(253): Illuminate/Database/Migrations/Migrator->write('Illuminate//Cons...', '0001_01_01_0000...', Object(Closure))
#16 C:/Users/TEGAR/Documents/KELOMPOKB_TUBES-PROGRESS/gwm_project/vendor/laravel/framework/src/Illuminate/Database/Migrations/Migrator.php(211): Illuminate/Database/Migrations/Migrator->runUp('C://Users//TEGAR//...', 1, false)
#17 C:/Users/TEGAR/Documents/KELOMPOKB_TUBES-PROGRESS/gwm_project/vendor/laravel/framework/src/Illuminate/Database/Migrations/Migrator.php(138): Illuminate/Database/Migrations/Migrator->runPending(Array, Array)
#18 C:/Users/TEGAR/Documents/KELOMPOKB_TUBES-PROGRESS/gwm_project/vendor/laravel/framework/src/Illuminate/Database/Console/Migrations/MigrateCommand.php(116): Illuminate/Database/Migrations/Migrator->run(Array, Array)
#19 C:/Users/TEGAR/Documents/KELOMPOKB_TUBES-PROGRESS/gwm_project/vendor/laravel/framework/src/Illuminate/Database/Migrations/Migrator.php(671): Illuminate/Database/Console/Migrations/MigrateCommand->Illuminate/Database/Console/Migrations/{closure}()
#20 C:/Users/TEGAR/Documents/KELOMPOKB_TUBES-PROGRESS/gwm_project/vendor/laravel/framework/src/Illuminate/Database/Console/Migrations/MigrateCommand.php(109): Illuminate/Database/Migrations/Migrator->usingConnection(NULL, Object(Closure))
#21 C:/Users/TEGAR/Documents/KELOMPOKB_TUBES-PROGRESS/gwm_project/vendor/laravel/framework/src/Illuminate/Database/Console/Migrations/MigrateCommand.php(88): Illuminate/Database/Console/Migrations/MigrateCommand->runMigrations()
#22 C:/Users/TEGAR/Documents/KELOMPOKB_TUBES-PROGRESS/gwm_project/vendor/laravel/framework/src/Illuminate/Container/BoundMethod.php(36): Illuminate/Database/Console/Migrations/MigrateCommand->handle()
#23 C:/Users/TEGAR/Documents/KELOMPOKB_TUBES-PROGRESS/gwm_project/vendor/laravel/framework/src/Illuminate/Container/Util.php(43): Illuminate/Container/BoundMethod::Illuminate/Container/{closure}()
#24 C:/Users/TEGAR/Documents/KELOMPOKB_TUBES-PROGRESS/gwm_project/vendor/laravel/framework/src/Illuminate/Container/BoundMethod.php(96): Illuminate/Container/Util::unwrapIfClosure(Object(Closure))
#25 C:/Users/TEGAR/Documents/KELOMPOKB_TUBES-PROGRESS/gwm_project/vendor/laravel/framework/src/Illuminate/Container/BoundMethod.php(35): Illuminate/Container/BoundMethod::callBoundMethod(Object(Illuminate/Foundation/Application), Array, Object(Closure))
#26 C:/Users/TEGAR/Documents/KELOMPOKB_TUBES-PROGRESS/gwm_project/vendor/laravel/framework/src/Illuminate/Container/Container.php(799): Illuminate/Container/BoundMethod::call(Object(Illuminate/Foundation/Application), Array, Array, NULL)
#27 C:/Users/TEGAR/Documents/KELOMPOKB_TUBES-PROGRESS/gwm_project/vendor/laravel/framework/src/Illuminate/Console/Command.php(211): Illuminate/Container/Container->call(Array)
#28 C:/Users/TEGAR/Documents/KELOMPOKB_TUBES-PROGRESS/gwm_project/vendor/symfony/console/Command/Command.php(341): Illuminate/Console/Command->execute(Object(Symfony/Component/Console/Input/ArgvInput), Object(Illuminate/Console/OutputStyle))
#29 C:/Users/TEGAR/Documents/KELOMPOKB_TUBES-PROGRESS/gwm_project/vendor/laravel/framework/src/Illuminate/Console/Command.php(180): Symfony/Component/Console/Command/Command->run(Object(Symfony/Component/Console/Input/ArgvInput), Object(Illuminate/Console/OutputStyle))
#30 C:/Users/TEGAR/Documents/KELOMPOKB_TUBES-PROGRESS/gwm_project/vendor/symfony/console/Application.php(1117): Illuminate/Console/Command->run(Object(Symfony/Component/Console/Input/ArgvInput), Object(Symfony/Component/Console/Output/ConsoleOutput))
#31 C:/Users/TEGAR/Documents/KELOMPOKB_TUBES-PROGRESS/gwm_project/vendor/symfony/console/Application.php(356): Symfony/Component/Console/Application->doRunCommand(Object(Illuminate/Database/Console/Migrations/MigrateCommand), Object(Symfony/Component/Console/Input/ArgvInput), Object(Symfony/Component/Console/Output/ConsoleOutput))
#32 C:/Users/TEGAR/Documents/KELOMPOKB_TUBES-PROGRESS/gwm_project/vendor/symfony/console/Application.php(195): Symfony/Component/Console/Application->doRun(Object(Symfony/Component/Console/Input/ArgvInput), Object(Symfony/Component/Console/Output/ConsoleOutput))
#33 C:/Users/TEGAR/Documents/KELOMPOKB_TUBES-PROGRESS/gwm_project/vendor/laravel/framework/src/Illuminate/Foundation/Console/Kernel.php(198): Symfony/Component/Console/Application->run(Object(Symfony/Component/Console/Input/ArgvInput), Object(Symfony/Component/Console/Output/ConsoleOutput))
#34 C:/Users/TEGAR/Documents/KELOMPOKB_TUBES-PROGRESS/gwm_project/vendor/laravel/framework/src/Illuminate/Foundation/Application.php(1235): Illuminate/Foundation/Console/Kernel->handle(Object(Symfony/Component/Console/Input/ArgvInput), Object(Symfony/Component/Console/Output/ConsoleOutput))
#35 C:/Users/TEGAR/Documents/KELOMPOKB_TUBES-PROGRESS/gwm_project/artisan(16): Illuminate/Foundation/Application->handleCommand(Object(Symfony/Component/Console/Input/ArgvInput))
#36 {main}
"} 
